quiz_game_mobile_app_java_android_studio/app/build/intermediates/manifest_merge_blame_file/debug/manifest-merger-blame-debug-report.txt
1<?xml version="1.0" encoding="utf-8"?>
2<manifest xmlns:android="http://schemas.android.com/apk/res/android"
3    package="com.sandipbhattacharya.techquizapp"
4    android:versionCode="1"
5    android:versionName="1.0" >
6
7    <uses-sdk
8        android:minSdkVersion="21"
8-->src\main\AndroidManifest.xml
9        android:targetSdkVersion="31" />
9-->src\main\AndroidManifest.xml
10
11    <application
11-->src\main\AndroidManifest.xml:4:5-24:19
12        android:allowBackup="true"
12-->src\main\AndroidManifest.xml:5:9-35
13        android:appComponentFactory="androidx.core.app.CoreComponentFactory"
13-->[androidx.core:core:1.5.0] AndroidManifest.xml:24:18-86
14        android:debuggable="true"
15        android:icon="@drawable/nacos_logo"
15-->src\main\AndroidManifest.xml:6:9-44
16        android:label="@string/app_name"
16-->src\main\AndroidManifest.xml:7:9-41
17        android:roundIcon="@mipmap/ic_launcher_round"
17-->src\main\AndroidManifest.xml:8:9-54
18        android:supportsRtl="true"
18-->src\main\AndroidManifest.xml:9:9-35
19        android:testOnly="true"
20        android:theme="@style/Theme.AppCompat.Light.NoActionBar.FullScreen" >
20-->src\main\AndroidManifest.xml:10:9-76
21        <activity
21-->src\main\AndroidManifest.xml:11:9-19:20
22            android:name="com.sandipbhattacharya.techquizapp.MainActivity"
22-->src\main\AndroidManifest.xml:12:13-41
23            android:exported="true" >
23-->src\main\AndroidManifest.xml:13:13-36
24            <intent-filter>
24-->src\main\AndroidManifest.xml:14:13-18:29
25                <action android:name="android.intent.action.MAIN" />
25-->src\main\AndroidManifest.xml:15:17-69
25-->src\main\AndroidManifest.xml:15:25-66
26
27                <category android:name="android.intent.category.LAUNCHER" />
27-->src\main\AndroidManifest.xml:17:17-77
27-->src\main\AndroidManifest.xml:17:27-74
28            </intent-filter>
29        </activity>
30        <activity android:name="com.sandipbhattacharya.techquizapp.StartGame" >
30-->src\main\AndroidManifest.xml:20:9-21:20
30-->src\main\AndroidManifest.xml:20:19-44
31        </activity>
32        <activity android:name="com.sandipbhattacharya.techquizapp.GameOver" >
32-->src\main\AndroidManifest.xml:22:9-23:20
32-->src\main\AndroidManifest.xml:22:19-43
33        </activity>
34    </application>
35
36</manifest>